{"D:\\JS Projects\\world-countries-rn\\assets\\images\\no-results.png": {"path":"D:\\JS Projects\\world-countries-rn\\assets\\images\\no-results.png","statementMap":{"0":{"start":{"line":1,"column":0},"end":{"line":4,"column":6}}},"fnMap":{},"branchMap":{},"s":{"0":1},"f":{},"b":{},"inputSourceMap":null,"_coverageSchema":"1a1c01bbd47fc00a2c39e90264f33305004495a9","hash":"bb7edd7fb32b5cbe41c69216451e5a481d4f488f"}
,"D:\\JS Projects\\world-countries-rn\\assets\\images\\regions\\africa.png": {"path":"D:\\JS Projects\\world-countries-rn\\assets\\images\\regions\\africa.png","statementMap":{"0":{"start":{"line":1,"column":0},"end":{"line":4,"column":6}}},"fnMap":{},"branchMap":{},"s":{"0":1},"f":{},"b":{},"inputSourceMap":null,"_coverageSchema":"1a1c01bbd47fc00a2c39e90264f33305004495a9","hash":"23cec4283882776411b519f7f2dade49a30467bb"}
,"D:\\JS Projects\\world-countries-rn\\assets\\images\\regions\\asia.png": {"path":"D:\\JS Projects\\world-countries-rn\\assets\\images\\regions\\asia.png","statementMap":{"0":{"start":{"line":1,"column":0},"end":{"line":4,"column":6}}},"fnMap":{},"branchMap":{},"s":{"0":1},"f":{},"b":{},"inputSourceMap":null,"_coverageSchema":"1a1c01bbd47fc00a2c39e90264f33305004495a9","hash":"eab05e3b950bc5e7044c5c2b08292933129e8ac0"}
,"D:\\JS Projects\\world-countries-rn\\assets\\images\\regions\\europe.png": {"path":"D:\\JS Projects\\world-countries-rn\\assets\\images\\regions\\europe.png","statementMap":{"0":{"start":{"line":1,"column":0},"end":{"line":4,"column":6}}},"fnMap":{},"branchMap":{},"s":{"0":1},"f":{},"b":{},"inputSourceMap":null,"_coverageSchema":"1a1c01bbd47fc00a2c39e90264f33305004495a9","hash":"6d3709fd729ade31604262740ea155cd81c41065"}
,"D:\\JS Projects\\world-countries-rn\\assets\\images\\slider\\Ama_Dablam_mountain_Nepal.png": {"path":"D:\\JS Projects\\world-countries-rn\\assets\\images\\slider\\Ama_Dablam_mountain_Nepal.png","statementMap":{"0":{"start":{"line":1,"column":0},"end":{"line":4,"column":6}}},"fnMap":{},"branchMap":{},"s":{"0":1},"f":{},"b":{},"inputSourceMap":null,"_coverageSchema":"1a1c01bbd47fc00a2c39e90264f33305004495a9","hash":"0d411101b1e3fe74b6c5bb60a78f0317576072c9"}
,"D:\\JS Projects\\world-countries-rn\\assets\\images\\slider\\Cristo_iluminado_Brazil.png": {"path":"D:\\JS Projects\\world-countries-rn\\assets\\images\\slider\\Cristo_iluminado_Brazil.png","statementMap":{"0":{"start":{"line":1,"column":0},"end":{"line":4,"column":6}}},"fnMap":{},"branchMap":{},"s":{"0":1},"f":{},"b":{},"inputSourceMap":null,"_coverageSchema":"1a1c01bbd47fc00a2c39e90264f33305004495a9","hash":"b07fb07304c709a67ca25e922a851fdfff4acd2a"}
,"D:\\JS Projects\\world-countries-rn\\assets\\images\\slider\\Kyoto_Japan.png": {"path":"D:\\JS Projects\\world-countries-rn\\assets\\images\\slider\\Kyoto_Japan.png","statementMap":{"0":{"start":{"line":1,"column":0},"end":{"line":4,"column":6}}},"fnMap":{},"branchMap":{},"s":{"0":1},"f":{},"b":{},"inputSourceMap":null,"_coverageSchema":"1a1c01bbd47fc00a2c39e90264f33305004495a9","hash":"d57c36ae3a55d394c1ce07b8ad7e747f9bc85a48"}
,"D:\\JS Projects\\world-countries-rn\\assets\\images\\slider\\Montevideo_department_Uruguay.png": {"path":"D:\\JS Projects\\world-countries-rn\\assets\\images\\slider\\Montevideo_department_Uruguay.png","statementMap":{"0":{"start":{"line":1,"column":0},"end":{"line":4,"column":6}}},"fnMap":{},"branchMap":{},"s":{"0":1},"f":{},"b":{},"inputSourceMap":null,"_coverageSchema":"1a1c01bbd47fc00a2c39e90264f33305004495a9","hash":"62508cf17dddc286feb480abb00b158ca41493bd"}
,"D:\\JS Projects\\world-countries-rn\\assets\\images\\slider\\Moscow_Kremlin_Russia.png": {"path":"D:\\JS Projects\\world-countries-rn\\assets\\images\\slider\\Moscow_Kremlin_Russia.png","statementMap":{"0":{"start":{"line":1,"column":0},"end":{"line":4,"column":6}}},"fnMap":{},"branchMap":{},"s":{"0":1},"f":{},"b":{},"inputSourceMap":null,"_coverageSchema":"1a1c01bbd47fc00a2c39e90264f33305004495a9","hash":"9c57f04b04d0a5aead412a304647cd10215bc544"}
,"D:\\JS Projects\\world-countries-rn\\assets\\images\\slider\\New_York_USA.png": {"path":"D:\\JS Projects\\world-countries-rn\\assets\\images\\slider\\New_York_USA.png","statementMap":{"0":{"start":{"line":1,"column":0},"end":{"line":4,"column":6}}},"fnMap":{},"branchMap":{},"s":{"0":1},"f":{},"b":{},"inputSourceMap":null,"_coverageSchema":"1a1c01bbd47fc00a2c39e90264f33305004495a9","hash":"851a30e1f84648d0663bba44c370ddc405001199"}
,"D:\\JS Projects\\world-countries-rn\\assets\\images\\slider\\Nyungwe_park_Rwanda.png": {"path":"D:\\JS Projects\\world-countries-rn\\assets\\images\\slider\\Nyungwe_park_Rwanda.png","statementMap":{"0":{"start":{"line":1,"column":0},"end":{"line":4,"column":6}}},"fnMap":{},"branchMap":{},"s":{"0":1},"f":{},"b":{},"inputSourceMap":null,"_coverageSchema":"1a1c01bbd47fc00a2c39e90264f33305004495a9","hash":"8730318965e700fc44568bd9686de3a120e2f60f"}
,"D:\\JS Projects\\world-countries-rn\\assets\\images\\slider\\Sunset_in_Kenya_Kenya.png": {"path":"D:\\JS Projects\\world-countries-rn\\assets\\images\\slider\\Sunset_in_Kenya_Kenya.png","statementMap":{"0":{"start":{"line":1,"column":0},"end":{"line":4,"column":6}}},"fnMap":{},"branchMap":{},"s":{"0":1},"f":{},"b":{},"inputSourceMap":null,"_coverageSchema":"1a1c01bbd47fc00a2c39e90264f33305004495a9","hash":"59f6c6100711c2ce1ffedda9e0d674f680bb3c12"}
,"D:\\JS Projects\\world-countries-rn\\assets\\images\\slider\\Taj_Mahal_India.png": {"path":"D:\\JS Projects\\world-countries-rn\\assets\\images\\slider\\Taj_Mahal_India.png","statementMap":{"0":{"start":{"line":1,"column":0},"end":{"line":4,"column":6}}},"fnMap":{},"branchMap":{},"s":{"0":1},"f":{},"b":{},"inputSourceMap":null,"_coverageSchema":"1a1c01bbd47fc00a2c39e90264f33305004495a9","hash":"72c4b483cb5fec61e33dfca2a90d957b88938f90"}
,"D:\\JS Projects\\world-countries-rn\\src\\Home\\Country\\constants.ts": {"path":"D:\\JS Projects\\world-countries-rn\\src\\Home\\Country\\constants.ts","statementMap":{"0":{"start":{"line":1,"column":26},"end":{"line":1,"column":37}},"1":{"start":{"line":2,"column":24},"end":{"line":2,"column":43}},"2":{"start":{"line":3,"column":25},"end":{"line":3,"column":39}}},"fnMap":{},"branchMap":{},"s":{"0":1,"1":1,"2":1},"f":{},"b":{},"_coverageSchema":"1a1c01bbd47fc00a2c39e90264f33305004495a9","hash":"1cc24a792890adca9601f7741c22f2cff90c6a4c"}
,"D:\\JS Projects\\world-countries-rn\\src\\Home\\Country\\index.tsx": {"path":"D:\\JS Projects\\world-countries-rn\\src\\Home\\Country\\index.tsx","statementMap":{"0":{"start":{"line":15,"column":23},"end":{"line":107,"column":2}},"1":{"start":{"line":16,"column":18},"end":{"line":16,"column":28}},"2":{"start":{"line":17,"column":19},"end":{"line":17,"column":36}},"3":{"start":{"line":20,"column":29},"end":{"line":20,"column":43}},"4":{"start":{"line":21,"column":29},"end":{"line":21,"column":72}},"5":{"start":{"line":23,"column":4},"end":{"line":106,"column":5}},"6":{"start":{"line":54,"column":28},"end":{"line":73,"column":35}},"7":{"start":{"line":62,"column":48},"end":{"line":64,"column":55}},"8":{"start":{"line":80,"column":43},"end":{"line":80,"column":99}},"9":{"start":{"line":98,"column":43},"end":{"line":98,"column":76}}},"fnMap":{"0":{"name":"(anonymous_0)","decl":{"start":{"line":15,"column":32},"end":{"line":15,"column":33}},"loc":{"start":{"line":15,"column":77},"end":{"line":107,"column":1}},"line":15},"1":{"name":"(anonymous_1)","decl":{"start":{"line":53,"column":67},"end":{"line":53,"column":68}},"loc":{"start":{"line":54,"column":28},"end":{"line":73,"column":35}},"line":54},"2":{"name":"(anonymous_2)","decl":{"start":{"line":61,"column":84},"end":{"line":61,"column":85}},"loc":{"start":{"line":62,"column":48},"end":{"line":64,"column":55}},"line":62},"3":{"name":"(anonymous_3)","decl":{"start":{"line":80,"column":37},"end":{"line":80,"column":38}},"loc":{"start":{"line":80,"column":43},"end":{"line":80,"column":99}},"line":80},"4":{"name":"(anonymous_4)","decl":{"start":{"line":98,"column":37},"end":{"line":98,"column":38}},"loc":{"start":{"line":98,"column":43},"end":{"line":98,"column":76}},"line":98}},"branchMap":{"0":{"loc":{"start":{"line":26,"column":56},"end":{"line":26,"column":124}},"type":"cond-expr","locations":[{"start":{"line":26,"column":93},"end":{"line":26,"column":112}},{"start":{"line":26,"column":115},"end":{"line":26,"column":124}}],"line":26},"1":{"loc":{"start":{"line":30,"column":17},"end":{"line":102,"column":27}},"type":"cond-expr","locations":[{"start":{"line":32,"column":20},"end":{"line":84,"column":31}},{"start":{"line":86,"column":20},"end":{"line":102,"column":27}}],"line":30},"2":{"loc":{"start":{"line":37,"column":41},"end":{"line":39,"column":107}},"type":"cond-expr","locations":[{"start":{"line":38,"column":42},"end":{"line":38,"column":113}},{"start":{"line":39,"column":42},"end":{"line":39,"column":107}}],"line":37},"3":{"loc":{"start":{"line":50,"column":33},"end":{"line":50,"column":144}},"type":"binary-expr","locations":[{"start":{"line":50,"column":33},"end":{"line":50,"column":49}},{"start":{"line":50,"column":53},"end":{"line":50,"column":85}},{"start":{"line":50,"column":89},"end":{"line":50,"column":105}},{"start":{"line":50,"column":109},"end":{"line":50,"column":144}}],"line":50},"4":{"loc":{"start":{"line":58,"column":33},"end":{"line":71,"column":43}},"type":"cond-expr","locations":[{"start":{"line":60,"column":40},"end":{"line":66,"column":47}},{"start":{"line":69,"column":36},"end":{"line":71,"column":43}}],"line":58}},"s":{"0":1,"1":1,"2":1,"3":1,"4":1,"5":1,"6":0,"7":0,"8":0,"9":0},"f":{"0":1,"1":0,"2":0,"3":0,"4":0},"b":{"0":[0,1],"1":[0,1],"2":[0,0],"3":[0,0,0,0],"4":[0,0]},"_coverageSchema":"1a1c01bbd47fc00a2c39e90264f33305004495a9","hash":"9f4bc85671528a490b0725ae5235f932a82ccc6e"}
,"D:\\JS Projects\\world-countries-rn\\src\\Home\\Country\\rawStyles.ts": {"path":"D:\\JS Projects\\world-countries-rn\\src\\Home\\Country\\rawStyles.ts","statementMap":{"0":{"start":{"line":2,"column":19},"end":{"line":2,"column":43}},"1":{"start":{"line":4,"column":26},"end":{"line":70,"column":2}},"2":{"start":{"line":4,"column":61},"end":{"line":70,"column":2}}},"fnMap":{"0":{"name":"(anonymous_0)","decl":{"start":{"line":4,"column":26},"end":{"line":4,"column":27}},"loc":{"start":{"line":4,"column":61},"end":{"line":70,"column":2}},"line":4}},"branchMap":{},"s":{"0":1,"1":1,"2":1},"f":{"0":1},"b":{},"_coverageSchema":"1a1c01bbd47fc00a2c39e90264f33305004495a9","hash":"2d498c527ae2438f1ef7f3f2f8aeca6a062348c3"}
,"D:\\JS Projects\\world-countries-rn\\src\\Navigation\\BackButton\\index.tsx": {"path":"D:\\JS Projects\\world-countries-rn\\src\\Navigation\\BackButton\\index.tsx","statementMap":{"0":{"start":{"line":15,"column":26},"end":{"line":36,"column":1}},"1":{"start":{"line":19,"column":23},"end":{"line":19,"column":38}},"2":{"start":{"line":20,"column":18},"end":{"line":20,"column":28}},"3":{"start":{"line":21,"column":19},"end":{"line":21,"column":36}},"4":{"start":{"line":23,"column":4},"end":{"line":35,"column":6}},"5":{"start":{"line":26,"column":27},"end":{"line":26,"column":81}}},"fnMap":{"0":{"name":"(anonymous_0)","decl":{"start":{"line":15,"column":26},"end":{"line":15,"column":27}},"loc":{"start":{"line":18,"column":14},"end":{"line":36,"column":1}},"line":18},"1":{"name":"(anonymous_1)","decl":{"start":{"line":26,"column":21},"end":{"line":26,"column":22}},"loc":{"start":{"line":26,"column":27},"end":{"line":26,"column":81}},"line":26}},"branchMap":{"0":{"loc":{"start":{"line":26,"column":27},"end":{"line":26,"column":81}},"type":"cond-expr","locations":[{"start":{"line":26,"column":34},"end":{"line":26,"column":59}},{"start":{"line":26,"column":62},"end":{"line":26,"column":81}}],"line":26}},"s":{"0":2,"1":3,"2":3,"3":3,"4":3,"5":1},"f":{"0":3,"1":1},"b":{"0":[1,0]},"_coverageSchema":"1a1c01bbd47fc00a2c39e90264f33305004495a9","hash":"b11f85161befc423540c648927eb71b13b8c596d"}
,"D:\\JS Projects\\world-countries-rn\\src\\Navigation\\BackButton\\rawStyles.ts": {"path":"D:\\JS Projects\\world-countries-rn\\src\\Navigation\\BackButton\\rawStyles.ts","statementMap":{"0":{"start":{"line":3,"column":26},"end":{"line":10,"column":2}},"1":{"start":{"line":3,"column":61},"end":{"line":10,"column":2}}},"fnMap":{"0":{"name":"(anonymous_0)","decl":{"start":{"line":3,"column":26},"end":{"line":3,"column":27}},"loc":{"start":{"line":3,"column":61},"end":{"line":10,"column":2}},"line":3}},"branchMap":{},"s":{"0":2,"1":3},"f":{"0":3},"b":{},"_coverageSchema":"1a1c01bbd47fc00a2c39e90264f33305004495a9","hash":"47032162eab28c99378ca5323ae628694e39b460"}
,"D:\\JS Projects\\world-countries-rn\\src\\config\\config.ts": {"path":"D:\\JS Projects\\world-countries-rn\\src\\config\\config.ts","statementMap":{"0":{"start":{"line":3,"column":15},"end":{"line":3,"column":64}},"1":{"start":{"line":4,"column":17},"end":{"line":4,"column":53}},"2":{"start":{"line":5,"column":13},"end":{"line":5,"column":60}},"3":{"start":{"line":6,"column":15},"end":{"line":6,"column":64}},"4":{"start":{"line":8,"column":31},"end":{"line":8,"column":106}},"5":{"start":{"line":10,"column":14},"end":{"line":10,"column":111}},"6":{"start":{"line":11,"column":15},"end":{"line":11,"column":110}},"7":{"start":{"line":12,"column":14},"end":{"line":12,"column":97}},"8":{"start":{"line":13,"column":16},"end":{"line":13,"column":117}},"9":{"start":{"line":14,"column":15},"end":{"line":14,"column":108}},"10":{"start":{"line":15,"column":15},"end":{"line":15,"column":106}},"11":{"start":{"line":16,"column":12},"end":{"line":16,"column":96}},"12":{"start":{"line":17,"column":14},"end":{"line":17,"column":101}},"13":{"start":{"line":18,"column":14},"end":{"line":18,"column":107}},"14":{"start":{"line":22,"column":27},"end":{"line":68,"column":1}},"15":{"start":{"line":70,"column":26},"end":{"line":89,"column":1}},"16":{"start":{"line":91,"column":30},"end":{"line":134,"column":1}}},"fnMap":{},"branchMap":{},"s":{"0":1,"1":1,"2":1,"3":1,"4":1,"5":1,"6":1,"7":1,"8":1,"9":1,"10":1,"11":1,"12":1,"13":1,"14":1,"15":1,"16":1},"f":{},"b":{},"_coverageSchema":"1a1c01bbd47fc00a2c39e90264f33305004495a9","hash":"7adf23409efe165877fb382725ebf0a1c50171d4"}
,"D:\\JS Projects\\world-countries-rn\\src\\config\\flagDescriptions.ts": {"path":"D:\\JS Projects\\world-countries-rn\\src\\config\\flagDescriptions.ts","statementMap":{"0":{"start":{"line":1,"column":32},"end":{"line":734,"column":3}}},"fnMap":{},"branchMap":{},"s":{"0":1},"f":{},"b":{},"_coverageSchema":"1a1c01bbd47fc00a2c39e90264f33305004495a9","hash":"e2fe1225d5f72bc1ac593730edca580164d218d2"}
,"D:\\JS Projects\\world-countries-rn\\src\\config\\utils.ts": {"path":"D:\\JS Projects\\world-countries-rn\\src\\config\\utils.ts","statementMap":{"0":{"start":{"line":3,"column":34},"end":{"line":7,"column":1}},"1":{"start":{"line":4,"column":4},"end":{"line":6,"column":6}},"2":{"start":{"line":5,"column":8},"end":{"line":5,"column":40}}},"fnMap":{"0":{"name":"(anonymous_0)","decl":{"start":{"line":3,"column":34},"end":{"line":3,"column":35}},"loc":{"start":{"line":3,"column":58},"end":{"line":7,"column":1}},"line":3},"1":{"name":"(anonymous_1)","decl":{"start":{"line":4,"column":33},"end":{"line":4,"column":34}},"loc":{"start":{"line":4,"column":39},"end":{"line":6,"column":5}},"line":4}},"branchMap":{},"s":{"0":1,"1":1,"2":244},"f":{"0":1,"1":244},"b":{},"_coverageSchema":"1a1c01bbd47fc00a2c39e90264f33305004495a9","hash":"fb7271c8751211f50fd189586971e758e3544d69"}
,"D:\\JS Projects\\world-countries-rn\\src\\store\\index.tsx": {"path":"D:\\JS Projects\\world-countries-rn\\src\\store\\index.tsx","statementMap":{"0":{"start":{"line":12,"column":4},"end":{"line":12,"column":38}},"1":{"start":{"line":13,"column":4},"end":{"line":13,"column":52}},"2":{"start":{"line":14,"column":4},"end":{"line":14,"column":44}},"3":{"start":{"line":18,"column":4},"end":{"line":18,"column":38}},"4":{"start":{"line":19,"column":4},"end":{"line":19,"column":52}},"5":{"start":{"line":20,"column":4},"end":{"line":20,"column":44}},"6":{"start":{"line":24,"column":18},"end":{"line":24,"column":33}},"7":{"start":{"line":26,"column":28},"end":{"line":26,"column":58}},"8":{"start":{"line":26,"column":49},"end":{"line":26,"column":58}}},"fnMap":{"0":{"name":"(anonymous_0)","decl":{"start":{"line":11,"column":2},"end":{"line":11,"column":3}},"loc":{"start":{"line":11,"column":16},"end":{"line":15,"column":3}},"line":11},"1":{"name":"(anonymous_1)","decl":{"start":{"line":17,"column":2},"end":{"line":17,"column":3}},"loc":{"start":{"line":17,"column":10},"end":{"line":21,"column":3}},"line":17},"2":{"name":"(anonymous_2)","decl":{"start":{"line":26,"column":28},"end":{"line":26,"column":29}},"loc":{"start":{"line":26,"column":49},"end":{"line":26,"column":58}},"line":26}},"branchMap":{},"s":{"0":2,"1":2,"2":2,"3":0,"4":0,"5":0,"6":2,"7":2,"8":2},"f":{"0":2,"1":0,"2":2},"b":{},"_coverageSchema":"1a1c01bbd47fc00a2c39e90264f33305004495a9","hash":"69632f9e42b8b731956990db7e4d95739b33d633"}
,"D:\\JS Projects\\world-countries-rn\\src\\store\\Continents\\index.tsx": {"path":"D:\\JS Projects\\world-countries-rn\\src\\store\\Continents\\index.tsx","statementMap":{"0":{"start":{"line":13,"column":31},"end":{"line":13,"column":33}},"1":{"start":{"line":16,"column":8},"end":{"line":21,"column":10}},"2":{"start":{"line":24,"column":8},"end":{"line":24,"column":28}},"3":{"start":{"line":26,"column":8},"end":{"line":37,"column":9}},"4":{"start":{"line":27,"column":29},"end":{"line":27,"column":47}},"5":{"start":{"line":28,"column":25},"end":{"line":28,"column":46}},"6":{"start":{"line":29,"column":33},"end":{"line":29,"column":69}},"7":{"start":{"line":30,"column":12},"end":{"line":32,"column":15}},"8":{"start":{"line":31,"column":16},"end":{"line":31,"column":46}},"9":{"start":{"line":34,"column":12},"end":{"line":36,"column":14}},"10":{"start":{"line":35,"column":16},"end":{"line":35,"column":34}},"11":{"start":{"line":41,"column":6},"end":{"line":41,"column":45}},"12":{"start":{"line":41,"column":28},"end":{"line":41,"column":44}},"13":{"start":{"line":45,"column":23},"end":{"line":45,"column":39}},"14":{"start":{"line":46,"column":8},"end":{"line":46,"column":31}},"15":{"start":{"line":47,"column":8},"end":{"line":47,"column":21}}},"fnMap":{"0":{"name":"(anonymous_0)","decl":{"start":{"line":15,"column":4},"end":{"line":15,"column":5}},"loc":{"start":{"line":15,"column":18},"end":{"line":22,"column":5}},"line":15},"1":{"name":"(anonymous_1)","decl":{"start":{"line":23,"column":4},"end":{"line":23,"column":5}},"loc":{"start":{"line":23,"column":38},"end":{"line":38,"column":5}},"line":23},"2":{"name":"(anonymous_2)","decl":{"start":{"line":30,"column":24},"end":{"line":30,"column":25}},"loc":{"start":{"line":30,"column":30},"end":{"line":32,"column":13}},"line":30},"3":{"name":"(anonymous_3)","decl":{"start":{"line":34,"column":24},"end":{"line":34,"column":25}},"loc":{"start":{"line":34,"column":30},"end":{"line":36,"column":13}},"line":34},"4":{"name":"(anonymous_4)","decl":{"start":{"line":40,"column":4},"end":{"line":40,"column":5}},"loc":{"start":{"line":40,"column":42},"end":{"line":42,"column":5}},"line":40},"5":{"name":"(anonymous_5)","decl":{"start":{"line":41,"column":22},"end":{"line":41,"column":23}},"loc":{"start":{"line":41,"column":28},"end":{"line":41,"column":44}},"line":41},"6":{"name":"(anonymous_6)","decl":{"start":{"line":44,"column":4},"end":{"line":44,"column":5}},"loc":{"start":{"line":44,"column":31},"end":{"line":48,"column":5}},"line":44}},"branchMap":{},"s":{"0":2,"1":2,"2":0,"3":0,"4":0,"5":0,"6":0,"7":0,"8":0,"9":0,"10":0,"11":0,"12":0,"13":0,"14":0,"15":0},"f":{"0":2,"1":0,"2":0,"3":0,"4":0,"5":0,"6":0},"b":{},"_coverageSchema":"1a1c01bbd47fc00a2c39e90264f33305004495a9","hash":"bc080fbf4a24d4a37712f975eed2515880e6cc7d"}
,"D:\\JS Projects\\world-countries-rn\\src\\store\\Continents\\RegionItem\\index.tsx": {"path":"D:\\JS Projects\\world-countries-rn\\src\\store\\Continents\\RegionItem\\index.tsx","statementMap":{"0":{"start":{"line":6,"column":11},"end":{"line":6,"column":13}},"1":{"start":{"line":7,"column":14},"end":{"line":7,"column":16}},"2":{"start":{"line":8,"column":17},"end":{"line":8,"column":19}},"3":{"start":{"line":11,"column":8},"end":{"line":16,"column":11}},"4":{"start":{"line":20,"column":8},"end":{"line":20,"column":30}},"5":{"start":{"line":21,"column":8},"end":{"line":21,"column":36}},"6":{"start":{"line":22,"column":8},"end":{"line":22,"column":41}}},"fnMap":{"0":{"name":"(anonymous_0)","decl":{"start":{"line":10,"column":4},"end":{"line":10,"column":5}},"loc":{"start":{"line":10,"column":18},"end":{"line":17,"column":5}},"line":10},"1":{"name":"(anonymous_1)","decl":{"start":{"line":19,"column":4},"end":{"line":19,"column":5}},"loc":{"start":{"line":19,"column":34},"end":{"line":23,"column":5}},"line":19}},"branchMap":{},"s":{"0":1,"1":1,"2":1,"3":1,"4":1,"5":1,"6":1},"f":{"0":1,"1":1},"b":{},"_coverageSchema":"1a1c01bbd47fc00a2c39e90264f33305004495a9","hash":"ab82ad2b8c15f489db67190f2d4264f7f7e558c1"}
,"D:\\JS Projects\\world-countries-rn\\src\\store\\Country\\index.tsx": {"path":"D:\\JS Projects\\world-countries-rn\\src\\store\\Country\\index.tsx","statementMap":{"0":{"start":{"line":35,"column":11},"end":{"line":35,"column":13}},"1":{"start":{"line":36,"column":14},"end":{"line":36,"column":16}},"2":{"start":{"line":37,"column":13},"end":{"line":37,"column":15}},"3":{"start":{"line":38,"column":16},"end":{"line":38,"column":18}},"4":{"start":{"line":39,"column":17},"end":{"line":39,"column":18}},"5":{"start":{"line":40,"column":23},"end":{"line":40,"column":25}},"6":{"start":{"line":41,"column":31},"end":{"line":41,"column":33}},"7":{"start":{"line":42,"column":29},"end":{"line":42,"column":31}},"8":{"start":{"line":43,"column":11},"end":{"line":43,"column":13}},"9":{"start":{"line":44,"column":17},"end":{"line":44,"column":19}},"10":{"start":{"line":45,"column":31},"end":{"line":45,"column":33}},"11":{"start":{"line":46,"column":29},"end":{"line":46,"column":31}},"12":{"start":{"line":48,"column":12},"end":{"line":48,"column":17}},"13":{"start":{"line":49,"column":19},"end":{"line":49,"column":21}},"14":{"start":{"line":52,"column":8},"end":{"line":75,"column":10}},"15":{"start":{"line":78,"column":8},"end":{"line":78,"column":30}},"16":{"start":{"line":79,"column":8},"end":{"line":79,"column":25}},"17":{"start":{"line":81,"column":8},"end":{"line":92,"column":9}},"18":{"start":{"line":82,"column":29},"end":{"line":82,"column":95}},"19":{"start":{"line":83,"column":25},"end":{"line":83,"column":46}},"20":{"start":{"line":84,"column":12},"end":{"line":87,"column":15}},"21":{"start":{"line":85,"column":16},"end":{"line":85,"column":34}},"22":{"start":{"line":86,"column":16},"end":{"line":86,"column":34}},"23":{"start":{"line":89,"column":12},"end":{"line":91,"column":14}},"24":{"start":{"line":90,"column":16},"end":{"line":90,"column":34}},"25":{"start":{"line":97,"column":8},"end":{"line":97,"column":30}},"26":{"start":{"line":99,"column":8},"end":{"line":116,"column":9}},"27":{"start":{"line":100,"column":29},"end":{"line":100,"column":104}},"28":{"start":{"line":101,"column":25},"end":{"line":101,"column":46}},"29":{"start":{"line":102,"column":12},"end":{"line":111,"column":15}},"30":{"start":{"line":103,"column":16},"end":{"line":106,"column":17}},"31":{"start":{"line":104,"column":20},"end":{"line":104,"column":52}},"32":{"start":{"line":105,"column":20},"end":{"line":105,"column":26}},"33":{"start":{"line":109,"column":16},"end":{"line":109,"column":37}},"34":{"start":{"line":110,"column":16},"end":{"line":110,"column":34}},"35":{"start":{"line":113,"column":12},"end":{"line":115,"column":14}},"36":{"start":{"line":114,"column":16},"end":{"line":114,"column":34}},"37":{"start":{"line":120,"column":8},"end":{"line":120,"column":33}},"38":{"start":{"line":124,"column":8},"end":{"line":124,"column":70}},"39":{"start":{"line":124,"column":47},"end":{"line":124,"column":68}},"40":{"start":{"line":128,"column":8},"end":{"line":137,"column":9}},"41":{"start":{"line":141,"column":8},"end":{"line":145,"column":11}},"42":{"start":{"line":142,"column":29},"end":{"line":142,"column":45}},"43":{"start":{"line":143,"column":12},"end":{"line":143,"column":41}},"44":{"start":{"line":144,"column":12},"end":{"line":144,"column":28}},"45":{"start":{"line":149,"column":8},"end":{"line":153,"column":11}},"46":{"start":{"line":150,"column":29},"end":{"line":150,"column":44}},"47":{"start":{"line":151,"column":12},"end":{"line":151,"column":40}},"48":{"start":{"line":152,"column":12},"end":{"line":152,"column":28}},"49":{"start":{"line":157,"column":8},"end":{"line":157,"column":30}},"50":{"start":{"line":158,"column":8},"end":{"line":158,"column":36}},"51":{"start":{"line":159,"column":8},"end":{"line":159,"column":34}},"52":{"start":{"line":160,"column":8},"end":{"line":160,"column":40}},"53":{"start":{"line":161,"column":8},"end":{"line":161,"column":42}},"54":{"start":{"line":162,"column":8},"end":{"line":162,"column":34}},"55":{"start":{"line":163,"column":8},"end":{"line":163,"column":69}},"56":{"start":{"line":164,"column":8},"end":{"line":164,"column":66}},"57":{"start":{"line":165,"column":8},"end":{"line":165,"column":84}},"58":{"start":{"line":166,"column":8},"end":{"line":166,"column":42}},"59":{"start":{"line":167,"column":8},"end":{"line":167,"column":49}},"60":{"start":{"line":168,"column":8},"end":{"line":168,"column":45}}},"fnMap":{"0":{"name":"(anonymous_0)","decl":{"start":{"line":51,"column":4},"end":{"line":51,"column":5}},"loc":{"start":{"line":51,"column":18},"end":{"line":76,"column":5}},"line":51},"1":{"name":"(anonymous_1)","decl":{"start":{"line":77,"column":4},"end":{"line":77,"column":5}},"loc":{"start":{"line":77,"column":48},"end":{"line":93,"column":5}},"line":77},"2":{"name":"(anonymous_2)","decl":{"start":{"line":84,"column":24},"end":{"line":84,"column":25}},"loc":{"start":{"line":84,"column":30},"end":{"line":87,"column":13}},"line":84},"3":{"name":"(anonymous_3)","decl":{"start":{"line":89,"column":24},"end":{"line":89,"column":25}},"loc":{"start":{"line":89,"column":30},"end":{"line":91,"column":13}},"line":89},"4":{"name":"(anonymous_4)","decl":{"start":{"line":95,"column":4},"end":{"line":95,"column":5}},"loc":{"start":{"line":95,"column":44},"end":{"line":117,"column":5}},"line":95},"5":{"name":"(anonymous_5)","decl":{"start":{"line":102,"column":24},"end":{"line":102,"column":25}},"loc":{"start":{"line":102,"column":30},"end":{"line":111,"column":13}},"line":102},"6":{"name":"(anonymous_6)","decl":{"start":{"line":113,"column":24},"end":{"line":113,"column":25}},"loc":{"start":{"line":113,"column":30},"end":{"line":115,"column":13}},"line":113},"7":{"name":"(anonymous_7)","decl":{"start":{"line":119,"column":4},"end":{"line":119,"column":5}},"loc":{"start":{"line":119,"column":32},"end":{"line":121,"column":5}},"line":119},"8":{"name":"(anonymous_8)","decl":{"start":{"line":123,"column":4},"end":{"line":123,"column":5}},"loc":{"start":{"line":123,"column":43},"end":{"line":125,"column":5}},"line":123},"9":{"name":"(anonymous_9)","decl":{"start":{"line":124,"column":40},"end":{"line":124,"column":41}},"loc":{"start":{"line":124,"column":47},"end":{"line":124,"column":68}},"line":124},"10":{"name":"(anonymous_10)","decl":{"start":{"line":127,"column":4},"end":{"line":127,"column":5}},"loc":{"start":{"line":127,"column":20},"end":{"line":138,"column":5}},"line":127},"11":{"name":"(anonymous_11)","decl":{"start":{"line":140,"column":4},"end":{"line":140,"column":5}},"loc":{"start":{"line":140,"column":54},"end":{"line":146,"column":5}},"line":140},"12":{"name":"(anonymous_12)","decl":{"start":{"line":141,"column":24},"end":{"line":141,"column":25}},"loc":{"start":{"line":141,"column":34},"end":{"line":145,"column":9}},"line":141},"13":{"name":"(anonymous_13)","decl":{"start":{"line":148,"column":4},"end":{"line":148,"column":5}},"loc":{"start":{"line":148,"column":52},"end":{"line":154,"column":5}},"line":148},"14":{"name":"(anonymous_14)","decl":{"start":{"line":149,"column":24},"end":{"line":149,"column":25}},"loc":{"start":{"line":149,"column":34},"end":{"line":153,"column":9}},"line":149},"15":{"name":"(anonymous_15)","decl":{"start":{"line":156,"column":4},"end":{"line":156,"column":5}},"loc":{"start":{"line":156,"column":28},"end":{"line":169,"column":5}},"line":156}},"branchMap":{"0":{"loc":{"start":{"line":103,"column":16},"end":{"line":106,"column":17}},"type":"if","locations":[{"start":{"line":103,"column":16},"end":{"line":106,"column":17}},{"start":{"line":103,"column":16},"end":{"line":106,"column":17}}],"line":103}},"s":{"0":2,"1":2,"2":2,"3":2,"4":2,"5":2,"6":2,"7":2,"8":2,"9":2,"10":2,"11":2,"12":2,"13":2,"14":2,"15":0,"16":0,"17":0,"18":0,"19":0,"20":0,"21":0,"22":0,"23":0,"24":0,"25":0,"26":0,"27":0,"28":0,"29":0,"30":0,"31":0,"32":0,"33":0,"34":0,"35":0,"36":0,"37":0,"38":0,"39":0,"40":0,"41":0,"42":0,"43":0,"44":0,"45":0,"46":0,"47":0,"48":0,"49":0,"50":0,"51":0,"52":0,"53":0,"54":0,"55":0,"56":0,"57":0,"58":0,"59":0,"60":0},"f":{"0":2,"1":0,"2":0,"3":0,"4":0,"5":0,"6":0,"7":0,"8":0,"9":0,"10":0,"11":0,"12":0,"13":0,"14":0,"15":0},"b":{"0":[0,0]},"_coverageSchema":"1a1c01bbd47fc00a2c39e90264f33305004495a9","hash":"3d05fefe184452111f7fe0b0130e5cc5a80cd7c0"}
,"D:\\JS Projects\\world-countries-rn\\src\\store\\Country\\Currencies\\index.tsx": {"path":"D:\\JS Projects\\world-countries-rn\\src\\store\\Country\\Currencies\\index.tsx","statementMap":{"0":{"start":{"line":6,"column":11},"end":{"line":6,"column":13}},"1":{"start":{"line":7,"column":13},"end":{"line":7,"column":15}},"2":{"start":{"line":10,"column":8},"end":{"line":14,"column":11}},"3":{"start":{"line":18,"column":8},"end":{"line":18,"column":30}},"4":{"start":{"line":19,"column":8},"end":{"line":19,"column":34}}},"fnMap":{"0":{"name":"(anonymous_0)","decl":{"start":{"line":9,"column":4},"end":{"line":9,"column":5}},"loc":{"start":{"line":9,"column":18},"end":{"line":15,"column":5}},"line":9},"1":{"name":"(anonymous_1)","decl":{"start":{"line":17,"column":4},"end":{"line":17,"column":5}},"loc":{"start":{"line":17,"column":37},"end":{"line":20,"column":5}},"line":17}},"branchMap":{},"s":{"0":0,"1":0,"2":0,"3":0,"4":0},"f":{"0":0,"1":0},"b":{},"_coverageSchema":"1a1c01bbd47fc00a2c39e90264f33305004495a9","hash":"f1ecc761528e7a8ee67ef06978b95e50001c8cd8"}
,"D:\\JS Projects\\world-countries-rn\\src\\store\\Country\\Languages\\index.tsx": {"path":"D:\\JS Projects\\world-countries-rn\\src\\store\\Country\\Languages\\index.tsx","statementMap":{"0":{"start":{"line":6,"column":11},"end":{"line":6,"column":13}},"1":{"start":{"line":7,"column":17},"end":{"line":7,"column":19}},"2":{"start":{"line":10,"column":8},"end":{"line":14,"column":11}},"3":{"start":{"line":18,"column":8},"end":{"line":18,"column":30}},"4":{"start":{"line":19,"column":8},"end":{"line":19,"column":42}}},"fnMap":{"0":{"name":"(anonymous_0)","decl":{"start":{"line":9,"column":4},"end":{"line":9,"column":5}},"loc":{"start":{"line":9,"column":18},"end":{"line":15,"column":5}},"line":9},"1":{"name":"(anonymous_1)","decl":{"start":{"line":17,"column":4},"end":{"line":17,"column":5}},"loc":{"start":{"line":17,"column":35},"end":{"line":20,"column":5}},"line":17}},"branchMap":{},"s":{"0":0,"1":0,"2":0,"3":0,"4":0},"f":{"0":0,"1":0},"b":{},"_coverageSchema":"1a1c01bbd47fc00a2c39e90264f33305004495a9","hash":"d23f4f8fbd3d89910c14d3fa5041118a379d7a4b"}
,"D:\\JS Projects\\world-countries-rn\\src\\store\\RegionalBlocks\\index.tsx": {"path":"D:\\JS Projects\\world-countries-rn\\src\\store\\RegionalBlocks\\index.tsx","statementMap":{"0":{"start":{"line":5,"column":27},"end":{"line":5,"column":29}},"1":{"start":{"line":6,"column":19},"end":{"line":6,"column":21}},"2":{"start":{"line":9,"column":8},"end":{"line":14,"column":10}},"3":{"start":{"line":18,"column":8},"end":{"line":18,"column":27}},"4":{"start":{"line":19,"column":8},"end":{"line":19,"column":30}},"5":{"start":{"line":20,"column":8},"end":{"line":31,"column":9}},"6":{"start":{"line":21,"column":29},"end":{"line":21,"column":47}},"7":{"start":{"line":22,"column":25},"end":{"line":22,"column":46}},"8":{"start":{"line":23,"column":36},"end":{"line":23,"column":63}},"9":{"start":{"line":24,"column":12},"end":{"line":26,"column":15}},"10":{"start":{"line":25,"column":16},"end":{"line":25,"column":49}},"11":{"start":{"line":28,"column":12},"end":{"line":30,"column":14}},"12":{"start":{"line":29,"column":16},"end":{"line":29,"column":34}},"13":{"start":{"line":35,"column":8},"end":{"line":35,"column":47}},"14":{"start":{"line":35,"column":30},"end":{"line":35,"column":46}},"15":{"start":{"line":39,"column":24},"end":{"line":39,"column":37}},"16":{"start":{"line":40,"column":8},"end":{"line":40,"column":29}},"17":{"start":{"line":41,"column":8},"end":{"line":41,"column":22}}},"fnMap":{"0":{"name":"(anonymous_0)","decl":{"start":{"line":8,"column":4},"end":{"line":8,"column":5}},"loc":{"start":{"line":8,"column":18},"end":{"line":15,"column":5}},"line":8},"1":{"name":"(anonymous_1)","decl":{"start":{"line":17,"column":4},"end":{"line":17,"column":5}},"loc":{"start":{"line":17,"column":45},"end":{"line":32,"column":5}},"line":17},"2":{"name":"(anonymous_2)","decl":{"start":{"line":24,"column":24},"end":{"line":24,"column":25}},"loc":{"start":{"line":24,"column":30},"end":{"line":26,"column":13}},"line":24},"3":{"name":"(anonymous_3)","decl":{"start":{"line":28,"column":24},"end":{"line":28,"column":25}},"loc":{"start":{"line":28,"column":30},"end":{"line":30,"column":13}},"line":28},"4":{"name":"(anonymous_4)","decl":{"start":{"line":34,"column":4},"end":{"line":34,"column":5}},"loc":{"start":{"line":34,"column":39},"end":{"line":36,"column":5}},"line":34},"5":{"name":"(anonymous_5)","decl":{"start":{"line":35,"column":24},"end":{"line":35,"column":25}},"loc":{"start":{"line":35,"column":30},"end":{"line":35,"column":46}},"line":35},"6":{"name":"(anonymous_6)","decl":{"start":{"line":38,"column":4},"end":{"line":38,"column":5}},"loc":{"start":{"line":38,"column":28},"end":{"line":42,"column":5}},"line":38}},"branchMap":{},"s":{"0":2,"1":2,"2":2,"3":0,"4":0,"5":0,"6":0,"7":0,"8":0,"9":0,"10":0,"11":0,"12":0,"13":0,"14":0,"15":0,"16":0,"17":0},"f":{"0":2,"1":0,"2":0,"3":0,"4":0,"5":0,"6":0},"b":{},"_coverageSchema":"1a1c01bbd47fc00a2c39e90264f33305004495a9","hash":"8eac929b2460c74af8c9a2fc1c3f3b4c670db1b2"}
}
