{"D:\\JS Projects\\world-countries-rn\\assets\\images\\no-results.png": {"path":"D:\\JS Projects\\world-countries-rn\\assets\\images\\no-results.png","statementMap":{"0":{"start":{"line":1,"column":0},"end":{"line":4,"column":6}}},"fnMap":{},"branchMap":{},"s":{"0":2},"f":{},"b":{},"inputSourceMap":null,"_coverageSchema":"1a1c01bbd47fc00a2c39e90264f33305004495a9","hash":"bb7edd7fb32b5cbe41c69216451e5a481d4f488f"}
,"D:\\JS Projects\\world-countries-rn\\assets\\images\\regions\\africa.png": {"path":"D:\\JS Projects\\world-countries-rn\\assets\\images\\regions\\africa.png","statementMap":{"0":{"start":{"line":1,"column":0},"end":{"line":4,"column":6}}},"fnMap":{},"branchMap":{},"s":{"0":2},"f":{},"b":{},"inputSourceMap":null,"_coverageSchema":"1a1c01bbd47fc00a2c39e90264f33305004495a9","hash":"23cec4283882776411b519f7f2dade49a30467bb"}
,"D:\\JS Projects\\world-countries-rn\\assets\\images\\regions\\asia.png": {"path":"D:\\JS Projects\\world-countries-rn\\assets\\images\\regions\\asia.png","statementMap":{"0":{"start":{"line":1,"column":0},"end":{"line":4,"column":6}}},"fnMap":{},"branchMap":{},"s":{"0":2},"f":{},"b":{},"inputSourceMap":null,"_coverageSchema":"1a1c01bbd47fc00a2c39e90264f33305004495a9","hash":"eab05e3b950bc5e7044c5c2b08292933129e8ac0"}
,"D:\\JS Projects\\world-countries-rn\\assets\\images\\regions\\europe.png": {"path":"D:\\JS Projects\\world-countries-rn\\assets\\images\\regions\\europe.png","statementMap":{"0":{"start":{"line":1,"column":0},"end":{"line":4,"column":6}}},"fnMap":{},"branchMap":{},"s":{"0":3},"f":{},"b":{},"inputSourceMap":null,"_coverageSchema":"1a1c01bbd47fc00a2c39e90264f33305004495a9","hash":"6d3709fd729ade31604262740ea155cd81c41065"}
,"D:\\JS Projects\\world-countries-rn\\assets\\images\\slider\\Ama_Dablam_mountain_Nepal.png": {"path":"D:\\JS Projects\\world-countries-rn\\assets\\images\\slider\\Ama_Dablam_mountain_Nepal.png","statementMap":{"0":{"start":{"line":1,"column":0},"end":{"line":4,"column":6}}},"fnMap":{},"branchMap":{},"s":{"0":2},"f":{},"b":{},"inputSourceMap":null,"_coverageSchema":"1a1c01bbd47fc00a2c39e90264f33305004495a9","hash":"0d411101b1e3fe74b6c5bb60a78f0317576072c9"}
,"D:\\JS Projects\\world-countries-rn\\assets\\images\\slider\\Cristo_iluminado_Brazil.png": {"path":"D:\\JS Projects\\world-countries-rn\\assets\\images\\slider\\Cristo_iluminado_Brazil.png","statementMap":{"0":{"start":{"line":1,"column":0},"end":{"line":4,"column":6}}},"fnMap":{},"branchMap":{},"s":{"0":2},"f":{},"b":{},"inputSourceMap":null,"_coverageSchema":"1a1c01bbd47fc00a2c39e90264f33305004495a9","hash":"b07fb07304c709a67ca25e922a851fdfff4acd2a"}
,"D:\\JS Projects\\world-countries-rn\\assets\\images\\slider\\Kyoto_Japan.png": {"path":"D:\\JS Projects\\world-countries-rn\\assets\\images\\slider\\Kyoto_Japan.png","statementMap":{"0":{"start":{"line":1,"column":0},"end":{"line":4,"column":6}}},"fnMap":{},"branchMap":{},"s":{"0":2},"f":{},"b":{},"inputSourceMap":null,"_coverageSchema":"1a1c01bbd47fc00a2c39e90264f33305004495a9","hash":"d57c36ae3a55d394c1ce07b8ad7e747f9bc85a48"}
,"D:\\JS Projects\\world-countries-rn\\assets\\images\\slider\\Montevideo_department_Uruguay.png": {"path":"D:\\JS Projects\\world-countries-rn\\assets\\images\\slider\\Montevideo_department_Uruguay.png","statementMap":{"0":{"start":{"line":1,"column":0},"end":{"line":4,"column":6}}},"fnMap":{},"branchMap":{},"s":{"0":2},"f":{},"b":{},"inputSourceMap":null,"_coverageSchema":"1a1c01bbd47fc00a2c39e90264f33305004495a9","hash":"62508cf17dddc286feb480abb00b158ca41493bd"}
,"D:\\JS Projects\\world-countries-rn\\assets\\images\\slider\\Moscow_Kremlin_Russia.png": {"path":"D:\\JS Projects\\world-countries-rn\\assets\\images\\slider\\Moscow_Kremlin_Russia.png","statementMap":{"0":{"start":{"line":1,"column":0},"end":{"line":4,"column":6}}},"fnMap":{},"branchMap":{},"s":{"0":2},"f":{},"b":{},"inputSourceMap":null,"_coverageSchema":"1a1c01bbd47fc00a2c39e90264f33305004495a9","hash":"9c57f04b04d0a5aead412a304647cd10215bc544"}
,"D:\\JS Projects\\world-countries-rn\\assets\\images\\slider\\New_York_USA.png": {"path":"D:\\JS Projects\\world-countries-rn\\assets\\images\\slider\\New_York_USA.png","statementMap":{"0":{"start":{"line":1,"column":0},"end":{"line":4,"column":6}}},"fnMap":{},"branchMap":{},"s":{"0":2},"f":{},"b":{},"inputSourceMap":null,"_coverageSchema":"1a1c01bbd47fc00a2c39e90264f33305004495a9","hash":"851a30e1f84648d0663bba44c370ddc405001199"}
,"D:\\JS Projects\\world-countries-rn\\assets\\images\\slider\\Nyungwe_park_Rwanda.png": {"path":"D:\\JS Projects\\world-countries-rn\\assets\\images\\slider\\Nyungwe_park_Rwanda.png","statementMap":{"0":{"start":{"line":1,"column":0},"end":{"line":4,"column":6}}},"fnMap":{},"branchMap":{},"s":{"0":2},"f":{},"b":{},"inputSourceMap":null,"_coverageSchema":"1a1c01bbd47fc00a2c39e90264f33305004495a9","hash":"8730318965e700fc44568bd9686de3a120e2f60f"}
,"D:\\JS Projects\\world-countries-rn\\assets\\images\\slider\\Sunset_in_Kenya_Kenya.png": {"path":"D:\\JS Projects\\world-countries-rn\\assets\\images\\slider\\Sunset_in_Kenya_Kenya.png","statementMap":{"0":{"start":{"line":1,"column":0},"end":{"line":4,"column":6}}},"fnMap":{},"branchMap":{},"s":{"0":2},"f":{},"b":{},"inputSourceMap":null,"_coverageSchema":"1a1c01bbd47fc00a2c39e90264f33305004495a9","hash":"59f6c6100711c2ce1ffedda9e0d674f680bb3c12"}
,"D:\\JS Projects\\world-countries-rn\\assets\\images\\slider\\Taj_Mahal_India.png": {"path":"D:\\JS Projects\\world-countries-rn\\assets\\images\\slider\\Taj_Mahal_India.png","statementMap":{"0":{"start":{"line":1,"column":0},"end":{"line":4,"column":6}}},"fnMap":{},"branchMap":{},"s":{"0":2},"f":{},"b":{},"inputSourceMap":null,"_coverageSchema":"1a1c01bbd47fc00a2c39e90264f33305004495a9","hash":"72c4b483cb5fec61e33dfca2a90d957b88938f90"}
,"D:\\JS Projects\\world-countries-rn\\src\\Home\\ContinentCards\\index.tsx": {"path":"D:\\JS Projects\\world-countries-rn\\src\\Home\\ContinentCards\\index.tsx","statementMap":{"0":{"start":{"line":10,"column":31},"end":{"line":42,"column":1}},"1":{"start":{"line":12,"column":32},"end":{"line":12,"column":46}},"2":{"start":{"line":13,"column":23},"end":{"line":13,"column":38}},"3":{"start":{"line":14,"column":18},"end":{"line":14,"column":28}},"4":{"start":{"line":15,"column":19},"end":{"line":15,"column":36}},"5":{"start":{"line":17,"column":26},"end":{"line":20,"column":5}},"6":{"start":{"line":18,"column":8},"end":{"line":18,"column":46}},"7":{"start":{"line":19,"column":8},"end":{"line":19,"column":72}},"8":{"start":{"line":21,"column":4},"end":{"line":41,"column":5}},"9":{"start":{"line":24,"column":16},"end":{"line":38,"column":17}},"10":{"start":{"line":28,"column":39},"end":{"line":28,"column":77}}},"fnMap":{"0":{"name":"(anonymous_0)","decl":{"start":{"line":10,"column":31},"end":{"line":10,"column":32}},"loc":{"start":{"line":10,"column":37},"end":{"line":42,"column":1}},"line":10},"1":{"name":"(anonymous_1)","decl":{"start":{"line":17,"column":26},"end":{"line":17,"column":27}},"loc":{"start":{"line":17,"column":68},"end":{"line":20,"column":5}},"line":17},"2":{"name":"(anonymous_2)","decl":{"start":{"line":23,"column":28},"end":{"line":23,"column":29}},"loc":{"start":{"line":23,"column":43},"end":{"line":39,"column":13}},"line":23},"3":{"name":"(anonymous_3)","decl":{"start":{"line":28,"column":33},"end":{"line":28,"column":34}},"loc":{"start":{"line":28,"column":39},"end":{"line":28,"column":77}},"line":28}},"branchMap":{},"s":{"0":1,"1":1,"2":1,"3":1,"4":1,"5":1,"6":0,"7":0,"8":1,"9":3,"10":0},"f":{"0":1,"1":0,"2":3,"3":0},"b":{},"_coverageSchema":"1a1c01bbd47fc00a2c39e90264f33305004495a9","hash":"0f3e394f9b3a9927e8a2e17a5f02b1e2e029c534"}
,"D:\\JS Projects\\world-countries-rn\\src\\Home\\ContinentCards\\rawStyles.ts": {"path":"D:\\JS Projects\\world-countries-rn\\src\\Home\\ContinentCards\\rawStyles.ts","statementMap":{"0":{"start":{"line":3,"column":26},"end":{"line":19,"column":2}},"1":{"start":{"line":3,"column":61},"end":{"line":19,"column":2}}},"fnMap":{"0":{"name":"(anonymous_0)","decl":{"start":{"line":3,"column":26},"end":{"line":3,"column":27}},"loc":{"start":{"line":3,"column":61},"end":{"line":19,"column":2}},"line":3}},"branchMap":{},"s":{"0":1,"1":1},"f":{"0":1},"b":{},"_coverageSchema":"1a1c01bbd47fc00a2c39e90264f33305004495a9","hash":"01623440677e9f75f756abcf9e6775b3ac5eaee8"}
,"D:\\JS Projects\\world-countries-rn\\src\\Home\\Country\\constants.ts": {"path":"D:\\JS Projects\\world-countries-rn\\src\\Home\\Country\\constants.ts","statementMap":{"0":{"start":{"line":1,"column":26},"end":{"line":1,"column":37}},"1":{"start":{"line":2,"column":24},"end":{"line":2,"column":43}},"2":{"start":{"line":3,"column":25},"end":{"line":3,"column":39}}},"fnMap":{},"branchMap":{},"s":{"0":1,"1":1,"2":1},"f":{},"b":{},"_coverageSchema":"1a1c01bbd47fc00a2c39e90264f33305004495a9","hash":"1cc24a792890adca9601f7741c22f2cff90c6a4c"}
,"D:\\JS Projects\\world-countries-rn\\src\\Home\\Country\\index.tsx": {"path":"D:\\JS Projects\\world-countries-rn\\src\\Home\\Country\\index.tsx","statementMap":{"0":{"start":{"line":15,"column":23},"end":{"line":107,"column":2}},"1":{"start":{"line":16,"column":18},"end":{"line":16,"column":28}},"2":{"start":{"line":17,"column":19},"end":{"line":17,"column":36}},"3":{"start":{"line":20,"column":29},"end":{"line":20,"column":43}},"4":{"start":{"line":21,"column":29},"end":{"line":21,"column":72}},"5":{"start":{"line":23,"column":4},"end":{"line":106,"column":5}},"6":{"start":{"line":54,"column":28},"end":{"line":73,"column":35}},"7":{"start":{"line":62,"column":48},"end":{"line":64,"column":55}},"8":{"start":{"line":80,"column":43},"end":{"line":80,"column":99}},"9":{"start":{"line":98,"column":43},"end":{"line":98,"column":76}}},"fnMap":{"0":{"name":"(anonymous_0)","decl":{"start":{"line":15,"column":32},"end":{"line":15,"column":33}},"loc":{"start":{"line":15,"column":77},"end":{"line":107,"column":1}},"line":15},"1":{"name":"(anonymous_1)","decl":{"start":{"line":53,"column":67},"end":{"line":53,"column":68}},"loc":{"start":{"line":54,"column":28},"end":{"line":73,"column":35}},"line":54},"2":{"name":"(anonymous_2)","decl":{"start":{"line":61,"column":84},"end":{"line":61,"column":85}},"loc":{"start":{"line":62,"column":48},"end":{"line":64,"column":55}},"line":62},"3":{"name":"(anonymous_3)","decl":{"start":{"line":80,"column":37},"end":{"line":80,"column":38}},"loc":{"start":{"line":80,"column":43},"end":{"line":80,"column":99}},"line":80},"4":{"name":"(anonymous_4)","decl":{"start":{"line":98,"column":37},"end":{"line":98,"column":38}},"loc":{"start":{"line":98,"column":43},"end":{"line":98,"column":76}},"line":98}},"branchMap":{"0":{"loc":{"start":{"line":26,"column":56},"end":{"line":26,"column":124}},"type":"cond-expr","locations":[{"start":{"line":26,"column":93},"end":{"line":26,"column":112}},{"start":{"line":26,"column":115},"end":{"line":26,"column":124}}],"line":26},"1":{"loc":{"start":{"line":30,"column":17},"end":{"line":102,"column":27}},"type":"cond-expr","locations":[{"start":{"line":32,"column":20},"end":{"line":84,"column":31}},{"start":{"line":86,"column":20},"end":{"line":102,"column":27}}],"line":30},"2":{"loc":{"start":{"line":37,"column":41},"end":{"line":39,"column":107}},"type":"cond-expr","locations":[{"start":{"line":38,"column":42},"end":{"line":38,"column":113}},{"start":{"line":39,"column":42},"end":{"line":39,"column":107}}],"line":37},"3":{"loc":{"start":{"line":50,"column":33},"end":{"line":50,"column":144}},"type":"binary-expr","locations":[{"start":{"line":50,"column":33},"end":{"line":50,"column":49}},{"start":{"line":50,"column":53},"end":{"line":50,"column":85}},{"start":{"line":50,"column":89},"end":{"line":50,"column":105}},{"start":{"line":50,"column":109},"end":{"line":50,"column":144}}],"line":50},"4":{"loc":{"start":{"line":58,"column":33},"end":{"line":71,"column":43}},"type":"cond-expr","locations":[{"start":{"line":60,"column":40},"end":{"line":66,"column":47}},{"start":{"line":69,"column":36},"end":{"line":71,"column":43}}],"line":58}},"s":{"0":1,"1":1,"2":1,"3":1,"4":1,"5":1,"6":0,"7":0,"8":0,"9":0},"f":{"0":1,"1":0,"2":0,"3":0,"4":0},"b":{"0":[0,1],"1":[0,1],"2":[0,0],"3":[0,0,0,0],"4":[0,0]},"_coverageSchema":"1a1c01bbd47fc00a2c39e90264f33305004495a9","hash":"9f4bc85671528a490b0725ae5235f932a82ccc6e"}
,"D:\\JS Projects\\world-countries-rn\\src\\Home\\Country\\rawStyles.ts": {"path":"D:\\JS Projects\\world-countries-rn\\src\\Home\\Country\\rawStyles.ts","statementMap":{"0":{"start":{"line":2,"column":19},"end":{"line":2,"column":43}},"1":{"start":{"line":4,"column":26},"end":{"line":70,"column":2}},"2":{"start":{"line":4,"column":61},"end":{"line":70,"column":2}}},"fnMap":{"0":{"name":"(anonymous_0)","decl":{"start":{"line":4,"column":26},"end":{"line":4,"column":27}},"loc":{"start":{"line":4,"column":61},"end":{"line":70,"column":2}},"line":4}},"branchMap":{},"s":{"0":1,"1":1,"2":1},"f":{"0":1},"b":{},"_coverageSchema":"1a1c01bbd47fc00a2c39e90264f33305004495a9","hash":"2d498c527ae2438f1ef7f3f2f8aeca6a062348c3"}
,"D:\\JS Projects\\world-countries-rn\\src\\Navigation\\BackButton\\index.tsx": {"path":"D:\\JS Projects\\world-countries-rn\\src\\Navigation\\BackButton\\index.tsx","statementMap":{"0":{"start":{"line":15,"column":26},"end":{"line":36,"column":1}},"1":{"start":{"line":19,"column":23},"end":{"line":19,"column":38}},"2":{"start":{"line":20,"column":18},"end":{"line":20,"column":28}},"3":{"start":{"line":21,"column":19},"end":{"line":21,"column":36}},"4":{"start":{"line":23,"column":4},"end":{"line":35,"column":6}},"5":{"start":{"line":26,"column":27},"end":{"line":26,"column":81}}},"fnMap":{"0":{"name":"(anonymous_0)","decl":{"start":{"line":15,"column":26},"end":{"line":15,"column":27}},"loc":{"start":{"line":18,"column":14},"end":{"line":36,"column":1}},"line":18},"1":{"name":"(anonymous_1)","decl":{"start":{"line":26,"column":21},"end":{"line":26,"column":22}},"loc":{"start":{"line":26,"column":27},"end":{"line":26,"column":81}},"line":26}},"branchMap":{"0":{"loc":{"start":{"line":26,"column":27},"end":{"line":26,"column":81}},"type":"cond-expr","locations":[{"start":{"line":26,"column":34},"end":{"line":26,"column":59}},{"start":{"line":26,"column":62},"end":{"line":26,"column":81}}],"line":26}},"s":{"0":2,"1":2,"2":2,"3":2,"4":2,"5":0},"f":{"0":2,"1":0},"b":{"0":[0,0]},"_coverageSchema":"1a1c01bbd47fc00a2c39e90264f33305004495a9","hash":"b11f85161befc423540c648927eb71b13b8c596d"}
,"D:\\JS Projects\\world-countries-rn\\src\\Navigation\\BackButton\\rawStyles.ts": {"path":"D:\\JS Projects\\world-countries-rn\\src\\Navigation\\BackButton\\rawStyles.ts","statementMap":{"0":{"start":{"line":3,"column":26},"end":{"line":10,"column":2}},"1":{"start":{"line":3,"column":61},"end":{"line":10,"column":2}}},"fnMap":{"0":{"name":"(anonymous_0)","decl":{"start":{"line":3,"column":26},"end":{"line":3,"column":27}},"loc":{"start":{"line":3,"column":61},"end":{"line":10,"column":2}},"line":3}},"branchMap":{},"s":{"0":2,"1":2},"f":{"0":2},"b":{},"_coverageSchema":"1a1c01bbd47fc00a2c39e90264f33305004495a9","hash":"47032162eab28c99378ca5323ae628694e39b460"}
,"D:\\JS Projects\\world-countries-rn\\src\\config\\config.ts": {"path":"D:\\JS Projects\\world-countries-rn\\src\\config\\config.ts","statementMap":{"0":{"start":{"line":3,"column":15},"end":{"line":3,"column":64}},"1":{"start":{"line":4,"column":17},"end":{"line":4,"column":53}},"2":{"start":{"line":5,"column":13},"end":{"line":5,"column":60}},"3":{"start":{"line":6,"column":15},"end":{"line":6,"column":64}},"4":{"start":{"line":8,"column":31},"end":{"line":8,"column":106}},"5":{"start":{"line":10,"column":14},"end":{"line":10,"column":111}},"6":{"start":{"line":11,"column":15},"end":{"line":11,"column":110}},"7":{"start":{"line":12,"column":14},"end":{"line":12,"column":97}},"8":{"start":{"line":13,"column":16},"end":{"line":13,"column":117}},"9":{"start":{"line":14,"column":15},"end":{"line":14,"column":108}},"10":{"start":{"line":15,"column":15},"end":{"line":15,"column":106}},"11":{"start":{"line":16,"column":12},"end":{"line":16,"column":96}},"12":{"start":{"line":17,"column":14},"end":{"line":17,"column":101}},"13":{"start":{"line":18,"column":14},"end":{"line":18,"column":107}},"14":{"start":{"line":22,"column":27},"end":{"line":68,"column":1}},"15":{"start":{"line":70,"column":26},"end":{"line":89,"column":1}},"16":{"start":{"line":91,"column":30},"end":{"line":134,"column":1}}},"fnMap":{},"branchMap":{},"s":{"0":2,"1":2,"2":2,"3":2,"4":2,"5":2,"6":2,"7":2,"8":2,"9":2,"10":2,"11":2,"12":2,"13":2,"14":2,"15":2,"16":2},"f":{},"b":{},"_coverageSchema":"1a1c01bbd47fc00a2c39e90264f33305004495a9","hash":"7adf23409efe165877fb382725ebf0a1c50171d4"}
,"D:\\JS Projects\\world-countries-rn\\src\\config\\flagDescriptions.ts": {"path":"D:\\JS Projects\\world-countries-rn\\src\\config\\flagDescriptions.ts","statementMap":{"0":{"start":{"line":1,"column":32},"end":{"line":734,"column":3}}},"fnMap":{},"branchMap":{},"s":{"0":1},"f":{},"b":{},"_coverageSchema":"1a1c01bbd47fc00a2c39e90264f33305004495a9","hash":"e2fe1225d5f72bc1ac593730edca580164d218d2"}
,"D:\\JS Projects\\world-countries-rn\\src\\config\\utils.ts": {"path":"D:\\JS Projects\\world-countries-rn\\src\\config\\utils.ts","statementMap":{"0":{"start":{"line":3,"column":34},"end":{"line":7,"column":1}},"1":{"start":{"line":4,"column":4},"end":{"line":6,"column":6}},"2":{"start":{"line":5,"column":8},"end":{"line":5,"column":40}}},"fnMap":{"0":{"name":"(anonymous_0)","decl":{"start":{"line":3,"column":34},"end":{"line":3,"column":35}},"loc":{"start":{"line":3,"column":58},"end":{"line":7,"column":1}},"line":3},"1":{"name":"(anonymous_1)","decl":{"start":{"line":4,"column":33},"end":{"line":4,"column":34}},"loc":{"start":{"line":4,"column":39},"end":{"line":6,"column":5}},"line":4}},"branchMap":{},"s":{"0":1,"1":1,"2":244},"f":{"0":1,"1":244},"b":{},"_coverageSchema":"1a1c01bbd47fc00a2c39e90264f33305004495a9","hash":"fb7271c8751211f50fd189586971e758e3544d69"}
,"D:\\JS Projects\\world-countries-rn\\src\\store\\index.tsx": {"path":"D:\\JS Projects\\world-countries-rn\\src\\store\\index.tsx","statementMap":{"0":{"start":{"line":12,"column":4},"end":{"line":12,"column":38}},"1":{"start":{"line":13,"column":4},"end":{"line":13,"column":52}},"2":{"start":{"line":14,"column":4},"end":{"line":14,"column":44}},"3":{"start":{"line":18,"column":4},"end":{"line":18,"column":38}},"4":{"start":{"line":19,"column":4},"end":{"line":19,"column":52}},"5":{"start":{"line":20,"column":4},"end":{"line":20,"column":44}},"6":{"start":{"line":24,"column":18},"end":{"line":24,"column":33}},"7":{"start":{"line":26,"column":28},"end":{"line":26,"column":58}},"8":{"start":{"line":26,"column":49},"end":{"line":26,"column":58}}},"fnMap":{"0":{"name":"(anonymous_0)","decl":{"start":{"line":11,"column":2},"end":{"line":11,"column":3}},"loc":{"start":{"line":11,"column":16},"end":{"line":15,"column":3}},"line":11},"1":{"name":"(anonymous_1)","decl":{"start":{"line":17,"column":2},"end":{"line":17,"column":3}},"loc":{"start":{"line":17,"column":10},"end":{"line":21,"column":3}},"line":17},"2":{"name":"(anonymous_2)","decl":{"start":{"line":26,"column":28},"end":{"line":26,"column":29}},"loc":{"start":{"line":26,"column":49},"end":{"line":26,"column":58}},"line":26}},"branchMap":{},"s":{"0":3,"1":3,"2":3,"3":0,"4":0,"5":0,"6":3,"7":3,"8":3},"f":{"0":3,"1":0,"2":3},"b":{},"_coverageSchema":"1a1c01bbd47fc00a2c39e90264f33305004495a9","hash":"69632f9e42b8b731956990db7e4d95739b33d633"}
,"D:\\JS Projects\\world-countries-rn\\src\\store\\Continents\\index.tsx": {"path":"D:\\JS Projects\\world-countries-rn\\src\\store\\Continents\\index.tsx","statementMap":{"0":{"start":{"line":7,"column":31},"end":{"line":7,"column":33}},"1":{"start":{"line":10,"column":8},"end":{"line":13,"column":10}},"2":{"start":{"line":16,"column":8},"end":{"line":16,"column":28}},"3":{"start":{"line":18,"column":8},"end":{"line":27,"column":9}},"4":{"start":{"line":19,"column":29},"end":{"line":19,"column":47}},"5":{"start":{"line":20,"column":25},"end":{"line":20,"column":46}},"6":{"start":{"line":21,"column":30},"end":{"line":21,"column":66}},"7":{"start":{"line":22,"column":12},"end":{"line":24,"column":15}},"8":{"start":{"line":23,"column":16},"end":{"line":23,"column":43}},"9":{"start":{"line":26,"column":12},"end":{"line":26,"column":30}},"10":{"start":{"line":31,"column":6},"end":{"line":31,"column":43}},"11":{"start":{"line":31,"column":28},"end":{"line":31,"column":42}}},"fnMap":{"0":{"name":"(anonymous_0)","decl":{"start":{"line":9,"column":4},"end":{"line":9,"column":5}},"loc":{"start":{"line":9,"column":18},"end":{"line":14,"column":5}},"line":9},"1":{"name":"(anonymous_1)","decl":{"start":{"line":15,"column":4},"end":{"line":15,"column":5}},"loc":{"start":{"line":15,"column":38},"end":{"line":28,"column":5}},"line":15},"2":{"name":"(anonymous_2)","decl":{"start":{"line":22,"column":24},"end":{"line":22,"column":25}},"loc":{"start":{"line":22,"column":30},"end":{"line":24,"column":13}},"line":22},"3":{"name":"(anonymous_3)","decl":{"start":{"line":30,"column":4},"end":{"line":30,"column":5}},"loc":{"start":{"line":30,"column":42},"end":{"line":32,"column":5}},"line":30},"4":{"name":"(anonymous_4)","decl":{"start":{"line":31,"column":22},"end":{"line":31,"column":23}},"loc":{"start":{"line":31,"column":28},"end":{"line":31,"column":42}},"line":31}},"branchMap":{},"s":{"0":3,"1":3,"2":0,"3":0,"4":0,"5":0,"6":0,"7":0,"8":0,"9":0,"10":0,"11":0},"f":{"0":3,"1":0,"2":0,"3":0,"4":0},"b":{},"_coverageSchema":"1a1c01bbd47fc00a2c39e90264f33305004495a9","hash":"57117f1bbd9560e2bcbaba0e7c652160d23423d5"}
,"D:\\JS Projects\\world-countries-rn\\src\\store\\Continents\\mock.ts": {"path":"D:\\JS Projects\\world-countries-rn\\src\\store\\Continents\\mock.ts","statementMap":{"0":{"start":{"line":1,"column":24},"end":{"line":170,"column":3}}},"fnMap":{},"branchMap":{},"s":{"0":1},"f":{},"b":{},"_coverageSchema":"1a1c01bbd47fc00a2c39e90264f33305004495a9","hash":"9f87c748e93cd9340f1550f26a6ac4c7e5bc701a"}
,"D:\\JS Projects\\world-countries-rn\\src\\store\\Continents\\Region\\index.tsx": {"path":"D:\\JS Projects\\world-countries-rn\\src\\store\\Continents\\Region\\index.tsx","statementMap":{"0":{"start":{"line":6,"column":11},"end":{"line":6,"column":13}},"1":{"start":{"line":7,"column":14},"end":{"line":7,"column":16}},"2":{"start":{"line":8,"column":17},"end":{"line":8,"column":19}},"3":{"start":{"line":11,"column":8},"end":{"line":13,"column":11}},"4":{"start":{"line":14,"column":8},"end":{"line":14,"column":34}},"5":{"start":{"line":18,"column":8},"end":{"line":18,"column":30}},"6":{"start":{"line":19,"column":8},"end":{"line":19,"column":36}},"7":{"start":{"line":20,"column":8},"end":{"line":20,"column":41}}},"fnMap":{"0":{"name":"(anonymous_0)","decl":{"start":{"line":10,"column":4},"end":{"line":10,"column":5}},"loc":{"start":{"line":10,"column":35},"end":{"line":15,"column":5}},"line":10},"1":{"name":"(anonymous_1)","decl":{"start":{"line":17,"column":4},"end":{"line":17,"column":5}},"loc":{"start":{"line":17,"column":31},"end":{"line":21,"column":5}},"line":17}},"branchMap":{"0":{"loc":{"start":{"line":14,"column":8},"end":{"line":14,"column":34}},"type":"binary-expr","locations":[{"start":{"line":14,"column":8},"end":{"line":14,"column":12}},{"start":{"line":14,"column":16},"end":{"line":14,"column":34}}],"line":14}},"s":{"0":1,"1":1,"2":1,"3":1,"4":1,"5":1,"6":1,"7":1},"f":{"0":1,"1":1},"b":{"0":[1,1]},"_coverageSchema":"1a1c01bbd47fc00a2c39e90264f33305004495a9","hash":"c8cd66751d95266e938737ab1cf8cb593d29e2a9"}
,"D:\\JS Projects\\world-countries-rn\\src\\store\\Country\\index.tsx": {"path":"D:\\JS Projects\\world-countries-rn\\src\\store\\Country\\index.tsx","statementMap":{"0":{"start":{"line":6,"column":11},"end":{"line":6,"column":13}},"1":{"start":{"line":7,"column":14},"end":{"line":7,"column":16}},"2":{"start":{"line":8,"column":13},"end":{"line":8,"column":15}},"3":{"start":{"line":9,"column":16},"end":{"line":9,"column":18}},"4":{"start":{"line":10,"column":17},"end":{"line":10,"column":18}},"5":{"start":{"line":11,"column":23},"end":{"line":11,"column":25}},"6":{"start":{"line":12,"column":32},"end":{"line":12,"column":34}},"7":{"start":{"line":13,"column":30},"end":{"line":13,"column":32}},"8":{"start":{"line":14,"column":11},"end":{"line":14,"column":13}},"9":{"start":{"line":15,"column":17},"end":{"line":15,"column":19}},"10":{"start":{"line":16,"column":31},"end":{"line":16,"column":33}},"11":{"start":{"line":17,"column":29},"end":{"line":17,"column":31}},"12":{"start":{"line":19,"column":19},"end":{"line":19,"column":21}},"13":{"start":{"line":22,"column":8},"end":{"line":27,"column":11}},"14":{"start":{"line":30,"column":8},"end":{"line":30,"column":30}},"15":{"start":{"line":31,"column":8},"end":{"line":41,"column":9}},"16":{"start":{"line":32,"column":29},"end":{"line":32,"column":95}},"17":{"start":{"line":33,"column":25},"end":{"line":33,"column":46}},"18":{"start":{"line":34,"column":12},"end":{"line":36,"column":15}},"19":{"start":{"line":35,"column":16},"end":{"line":35,"column":34}},"20":{"start":{"line":38,"column":12},"end":{"line":40,"column":14}},"21":{"start":{"line":39,"column":16},"end":{"line":39,"column":34}},"22":{"start":{"line":45,"column":8},"end":{"line":45,"column":30}},"23":{"start":{"line":46,"column":8},"end":{"line":60,"column":9}},"24":{"start":{"line":47,"column":29},"end":{"line":47,"column":104}},"25":{"start":{"line":48,"column":25},"end":{"line":48,"column":46}},"26":{"start":{"line":49,"column":12},"end":{"line":55,"column":15}},"27":{"start":{"line":50,"column":16},"end":{"line":53,"column":17}},"28":{"start":{"line":51,"column":20},"end":{"line":51,"column":52}},"29":{"start":{"line":52,"column":20},"end":{"line":52,"column":26}},"30":{"start":{"line":54,"column":16},"end":{"line":54,"column":37}},"31":{"start":{"line":57,"column":12},"end":{"line":59,"column":14}},"32":{"start":{"line":58,"column":16},"end":{"line":58,"column":34}},"33":{"start":{"line":64,"column":8},"end":{"line":64,"column":70}},"34":{"start":{"line":64,"column":47},"end":{"line":64,"column":68}},"35":{"start":{"line":68,"column":8},"end":{"line":77,"column":9}},"36":{"start":{"line":81,"column":8},"end":{"line":81,"column":30}},"37":{"start":{"line":82,"column":8},"end":{"line":82,"column":36}},"38":{"start":{"line":83,"column":8},"end":{"line":83,"column":34}},"39":{"start":{"line":84,"column":8},"end":{"line":84,"column":40}},"40":{"start":{"line":85,"column":8},"end":{"line":85,"column":42}},"41":{"start":{"line":86,"column":8},"end":{"line":86,"column":34}},"42":{"start":{"line":87,"column":8},"end":{"line":87,"column":41}},"43":{"start":{"line":88,"column":8},"end":{"line":88,"column":40}},"44":{"start":{"line":89,"column":8},"end":{"line":89,"column":84}},"45":{"start":{"line":90,"column":8},"end":{"line":90,"column":42}},"46":{"start":{"line":91,"column":8},"end":{"line":91,"column":49}},"47":{"start":{"line":92,"column":8},"end":{"line":92,"column":45}}},"fnMap":{"0":{"name":"(anonymous_0)","decl":{"start":{"line":21,"column":4},"end":{"line":21,"column":5}},"loc":{"start":{"line":21,"column":18},"end":{"line":28,"column":5}},"line":21},"1":{"name":"(anonymous_1)","decl":{"start":{"line":29,"column":4},"end":{"line":29,"column":5}},"loc":{"start":{"line":29,"column":48},"end":{"line":42,"column":5}},"line":29},"2":{"name":"(anonymous_2)","decl":{"start":{"line":34,"column":24},"end":{"line":34,"column":25}},"loc":{"start":{"line":34,"column":30},"end":{"line":36,"column":13}},"line":34},"3":{"name":"(anonymous_3)","decl":{"start":{"line":38,"column":24},"end":{"line":38,"column":25}},"loc":{"start":{"line":38,"column":30},"end":{"line":40,"column":13}},"line":38},"4":{"name":"(anonymous_4)","decl":{"start":{"line":44,"column":4},"end":{"line":44,"column":5}},"loc":{"start":{"line":44,"column":44},"end":{"line":61,"column":5}},"line":44},"5":{"name":"(anonymous_5)","decl":{"start":{"line":49,"column":24},"end":{"line":49,"column":25}},"loc":{"start":{"line":49,"column":30},"end":{"line":55,"column":13}},"line":49},"6":{"name":"(anonymous_6)","decl":{"start":{"line":57,"column":24},"end":{"line":57,"column":25}},"loc":{"start":{"line":57,"column":30},"end":{"line":59,"column":13}},"line":57},"7":{"name":"(anonymous_7)","decl":{"start":{"line":63,"column":4},"end":{"line":63,"column":5}},"loc":{"start":{"line":63,"column":43},"end":{"line":65,"column":5}},"line":63},"8":{"name":"(anonymous_8)","decl":{"start":{"line":64,"column":40},"end":{"line":64,"column":41}},"loc":{"start":{"line":64,"column":47},"end":{"line":64,"column":68}},"line":64},"9":{"name":"(anonymous_9)","decl":{"start":{"line":67,"column":4},"end":{"line":67,"column":5}},"loc":{"start":{"line":67,"column":20},"end":{"line":78,"column":5}},"line":67},"10":{"name":"(anonymous_10)","decl":{"start":{"line":80,"column":4},"end":{"line":80,"column":5}},"loc":{"start":{"line":80,"column":28},"end":{"line":93,"column":5}},"line":80}},"branchMap":{"0":{"loc":{"start":{"line":50,"column":16},"end":{"line":53,"column":17}},"type":"if","locations":[{"start":{"line":50,"column":16},"end":{"line":53,"column":17}},{"start":{"line":50,"column":16},"end":{"line":53,"column":17}}],"line":50}},"s":{"0":3,"1":3,"2":3,"3":3,"4":3,"5":3,"6":3,"7":3,"8":3,"9":3,"10":3,"11":3,"12":3,"13":3,"14":0,"15":0,"16":0,"17":0,"18":0,"19":0,"20":0,"21":0,"22":0,"23":0,"24":0,"25":0,"26":0,"27":0,"28":0,"29":0,"30":0,"31":0,"32":0,"33":0,"34":0,"35":0,"36":0,"37":0,"38":0,"39":0,"40":0,"41":0,"42":0,"43":0,"44":0,"45":0,"46":0,"47":0},"f":{"0":3,"1":0,"2":0,"3":0,"4":0,"5":0,"6":0,"7":0,"8":0,"9":0,"10":0},"b":{"0":[0,0]},"_coverageSchema":"1a1c01bbd47fc00a2c39e90264f33305004495a9","hash":"1086697a4faadd5abaa46b1b6a3d3141529d46dc"}
,"D:\\JS Projects\\world-countries-rn\\src\\store\\RegionalBlocks\\index.tsx": {"path":"D:\\JS Projects\\world-countries-rn\\src\\store\\RegionalBlocks\\index.tsx","statementMap":{"0":{"start":{"line":6,"column":27},"end":{"line":6,"column":29}},"1":{"start":{"line":7,"column":19},"end":{"line":7,"column":21}},"2":{"start":{"line":10,"column":8},"end":{"line":15,"column":10}},"3":{"start":{"line":19,"column":8},"end":{"line":19,"column":27}},"4":{"start":{"line":20,"column":8},"end":{"line":20,"column":30}},"5":{"start":{"line":21,"column":8},"end":{"line":32,"column":9}},"6":{"start":{"line":22,"column":29},"end":{"line":22,"column":47}},"7":{"start":{"line":23,"column":25},"end":{"line":23,"column":46}},"8":{"start":{"line":24,"column":36},"end":{"line":24,"column":63}},"9":{"start":{"line":25,"column":12},"end":{"line":27,"column":15}},"10":{"start":{"line":26,"column":16},"end":{"line":26,"column":49}},"11":{"start":{"line":29,"column":12},"end":{"line":31,"column":14}},"12":{"start":{"line":30,"column":16},"end":{"line":30,"column":34}},"13":{"start":{"line":36,"column":8},"end":{"line":36,"column":47}},"14":{"start":{"line":36,"column":30},"end":{"line":36,"column":46}},"15":{"start":{"line":40,"column":24},"end":{"line":40,"column":37}},"16":{"start":{"line":41,"column":8},"end":{"line":41,"column":29}},"17":{"start":{"line":42,"column":8},"end":{"line":42,"column":22}}},"fnMap":{"0":{"name":"(anonymous_0)","decl":{"start":{"line":9,"column":4},"end":{"line":9,"column":5}},"loc":{"start":{"line":9,"column":18},"end":{"line":16,"column":5}},"line":9},"1":{"name":"(anonymous_1)","decl":{"start":{"line":18,"column":4},"end":{"line":18,"column":5}},"loc":{"start":{"line":18,"column":45},"end":{"line":33,"column":5}},"line":18},"2":{"name":"(anonymous_2)","decl":{"start":{"line":25,"column":24},"end":{"line":25,"column":25}},"loc":{"start":{"line":25,"column":30},"end":{"line":27,"column":13}},"line":25},"3":{"name":"(anonymous_3)","decl":{"start":{"line":29,"column":24},"end":{"line":29,"column":25}},"loc":{"start":{"line":29,"column":30},"end":{"line":31,"column":13}},"line":29},"4":{"name":"(anonymous_4)","decl":{"start":{"line":35,"column":4},"end":{"line":35,"column":5}},"loc":{"start":{"line":35,"column":39},"end":{"line":37,"column":5}},"line":35},"5":{"name":"(anonymous_5)","decl":{"start":{"line":36,"column":24},"end":{"line":36,"column":25}},"loc":{"start":{"line":36,"column":30},"end":{"line":36,"column":46}},"line":36},"6":{"name":"(anonymous_6)","decl":{"start":{"line":39,"column":4},"end":{"line":39,"column":5}},"loc":{"start":{"line":39,"column":28},"end":{"line":43,"column":5}},"line":39}},"branchMap":{},"s":{"0":3,"1":3,"2":3,"3":0,"4":0,"5":0,"6":0,"7":0,"8":0,"9":0,"10":0,"11":0,"12":0,"13":0,"14":0,"15":0,"16":0,"17":0},"f":{"0":3,"1":0,"2":0,"3":0,"4":0,"5":0,"6":0},"b":{},"_coverageSchema":"1a1c01bbd47fc00a2c39e90264f33305004495a9","hash":"44b18a8ddad4c61d46df2eec0facc4d06cbf19de"}
}
