TN:
SF:assets\images\no-results.png
FNF:0
FNH:0
DA:1,2
LF:1
LH:1
BRF:0
BRH:0
end_of_record
TN:
SF:assets\images\regions\africa.png
FNF:0
FNH:0
DA:1,2
LF:1
LH:1
BRF:0
BRH:0
end_of_record
TN:
SF:assets\images\regions\asia.png
FNF:0
FNH:0
DA:1,2
LF:1
LH:1
BRF:0
BRH:0
end_of_record
TN:
SF:assets\images\regions\europe.png
FNF:0
FNH:0
DA:1,1
LF:1
LH:1
BRF:0
BRH:0
end_of_record
TN:
SF:assets\images\slider\Ama_Dablam_mountain_Nepal.png
FNF:0
FNH:0
DA:1,2
LF:1
LH:1
BRF:0
BRH:0
end_of_record
TN:
SF:assets\images\slider\Cristo_iluminado_Brazil.png
FNF:0
FNH:0
DA:1,2
LF:1
LH:1
BRF:0
BRH:0
end_of_record
TN:
SF:assets\images\slider\Kyoto_Japan.png
FNF:0
FNH:0
DA:1,2
LF:1
LH:1
BRF:0
BRH:0
end_of_record
TN:
SF:assets\images\slider\Montevideo_department_Uruguay.png
FNF:0
FNH:0
DA:1,2
LF:1
LH:1
BRF:0
BRH:0
end_of_record
TN:
SF:assets\images\slider\Moscow_Kremlin_Russia.png
FNF:0
FNH:0
DA:1,2
LF:1
LH:1
BRF:0
BRH:0
end_of_record
TN:
SF:assets\images\slider\New_York_USA.png
FNF:0
FNH:0
DA:1,2
LF:1
LH:1
BRF:0
BRH:0
end_of_record
TN:
SF:assets\images\slider\Nyungwe_park_Rwanda.png
FNF:0
FNH:0
DA:1,2
LF:1
LH:1
BRF:0
BRH:0
end_of_record
TN:
SF:assets\images\slider\Sunset_in_Kenya_Kenya.png
FNF:0
FNH:0
DA:1,2
LF:1
LH:1
BRF:0
BRH:0
end_of_record
TN:
SF:assets\images\slider\Taj_Mahal_India.png
FNF:0
FNH:0
DA:1,2
LF:1
LH:1
BRF:0
BRH:0
end_of_record
TN:
SF:src\Home\ContinentCards\index.tsx
FN:10,(anonymous_0)
FN:17,(anonymous_1)
FN:23,(anonymous_2)
FN:28,(anonymous_3)
FNF:4
FNH:2
FNDA:1,(anonymous_0)
FNDA:0,(anonymous_1)
FNDA:3,(anonymous_2)
FNDA:0,(anonymous_3)
DA:10,1
DA:12,1
DA:13,1
DA:14,1
DA:15,1
DA:17,1
DA:18,0
DA:19,0
DA:21,1
DA:24,3
DA:28,0
LF:11
LH:8
BRF:0
BRH:0
end_of_record
TN:
SF:src\Home\ContinentCards\rawStyles.ts
FN:3,(anonymous_0)
FNF:1
FNH:1
FNDA:1,(anonymous_0)
DA:3,1
LF:1
LH:1
BRF:0
BRH:0
end_of_record
TN:
SF:src\Home\Country\constants.ts
FNF:0
FNH:0
DA:1,1
DA:2,1
DA:3,1
LF:3
LH:3
BRF:0
BRH:0
end_of_record
TN:
SF:src\Home\Country\index.tsx
FN:13,(anonymous_0)
FN:50,(anonymous_1)
FN:58,(anonymous_2)
FN:77,(anonymous_3)
FN:95,(anonymous_4)
FNF:5
FNH:1
FNDA:1,(anonymous_0)
FNDA:0,(anonymous_1)
FNDA:0,(anonymous_2)
FNDA:0,(anonymous_3)
FNDA:0,(anonymous_4)
DA:13,1
DA:14,1
DA:15,1
DA:17,1
DA:18,1
DA:20,1
DA:51,0
DA:59,0
DA:77,0
DA:95,0
LF:10
LH:6
BRDA:23,0,0,0
BRDA:23,0,1,1
BRDA:27,1,0,0
BRDA:27,1,1,1
BRDA:34,2,0,0
BRDA:34,2,1,0
BRDA:47,3,0,0
BRDA:47,3,1,0
BRDA:47,3,2,0
BRDA:47,3,3,0
BRDA:55,4,0,0
BRDA:55,4,1,0
BRF:12
BRH:2
end_of_record
TN:
SF:src\Home\Country\rawStyles.ts
FN:4,(anonymous_0)
FNF:1
FNH:1
FNDA:1,(anonymous_0)
DA:2,1
DA:4,1
LF:2
LH:2
BRF:0
BRH:0
end_of_record
TN:
SF:src\Navigation\BackButton\index.tsx
FN:15,(anonymous_0)
FN:26,(anonymous_1)
FNF:2
FNH:1
FNDA:2,(anonymous_0)
FNDA:0,(anonymous_1)
DA:15,2
DA:19,2
DA:20,2
DA:21,2
DA:23,2
DA:26,0
LF:6
LH:5
BRDA:26,0,0,0
BRDA:26,0,1,0
BRF:2
BRH:0
end_of_record
TN:
SF:src\Navigation\BackButton\rawStyles.ts
FN:3,(anonymous_0)
FNF:1
FNH:1
FNDA:2,(anonymous_0)
DA:3,2
LF:1
LH:1
BRF:0
BRH:0
end_of_record
TN:
SF:src\config\config.ts
FNF:0
FNH:0
DA:3,2
DA:4,2
DA:5,2
DA:6,2
DA:8,2
DA:10,2
DA:11,2
DA:12,2
DA:13,2
DA:14,2
DA:15,2
DA:16,2
DA:17,2
DA:18,2
DA:22,2
DA:70,2
DA:91,2
LF:17
LH:17
BRF:0
BRH:0
end_of_record
TN:
SF:src\config\flagDescriptions.ts
FNF:0
FNH:0
DA:1,1
LF:1
LH:1
BRF:0
BRH:0
end_of_record
TN:
SF:src\config\utils.ts
FN:3,(anonymous_0)
FN:4,(anonymous_1)
FNF:2
FNH:2
FNDA:1,(anonymous_0)
FNDA:244,(anonymous_1)
DA:3,1
DA:4,1
DA:5,244
LF:3
LH:3
BRF:0
BRH:0
end_of_record
TN:
SF:src\store\index.tsx
FN:11,(anonymous_0)
FN:17,(anonymous_1)
FN:26,(anonymous_2)
FNF:3
FNH:2
FNDA:3,(anonymous_0)
FNDA:0,(anonymous_1)
FNDA:3,(anonymous_2)
DA:12,3
DA:13,3
DA:14,3
DA:18,0
DA:19,0
DA:20,0
DA:24,3
DA:26,3
LF:8
LH:5
BRF:0
BRH:0
end_of_record
TN:
SF:src\store\Continents\index.tsx
FN:9,(anonymous_0)
FN:15,(anonymous_1)
FN:22,(anonymous_2)
FN:30,(anonymous_3)
FN:31,(anonymous_4)
FNF:5
FNH:5
FNDA:5,(anonymous_0)
FNDA:2,(anonymous_1)
FNDA:1,(anonymous_2)
FNDA:2,(anonymous_3)
FNDA:18,(anonymous_4)
DA:7,5
DA:10,5
DA:16,2
DA:18,2
DA:19,2
DA:20,1
DA:21,1
DA:22,1
DA:23,1
DA:26,1
DA:31,18
LF:11
LH:11
BRF:0
BRH:0
end_of_record
TN:
SF:src\store\Continents\mock.ts
FNF:0
FNH:0
DA:1,1
LF:1
LH:1
BRF:0
BRH:0
end_of_record
TN:
SF:src\store\Continents\Region\index.tsx
FN:10,(anonymous_0)
FN:17,(anonymous_1)
FNF:2
FNH:2
FNDA:19,(anonymous_0)
FNDA:19,(anonymous_1)
DA:6,19
DA:7,19
DA:8,19
DA:11,19
DA:14,19
DA:18,19
DA:19,19
DA:20,19
LF:8
LH:8
BRDA:14,0,0,19
BRDA:14,0,1,19
BRF:2
BRH:2
end_of_record
TN:
SF:src\store\Country\index.tsx
FN:21,(anonymous_0)
FN:29,(anonymous_1)
FN:34,(anonymous_2)
FN:38,(anonymous_3)
FN:44,(anonymous_4)
FN:50,(anonymous_5)
FN:58,(anonymous_6)
FN:64,(anonymous_7)
FN:65,(anonymous_8)
FN:68,(anonymous_9)
FN:81,(anonymous_10)
FNF:11
FNH:1
FNDA:3,(anonymous_0)
FNDA:0,(anonymous_1)
FNDA:0,(anonymous_2)
FNDA:0,(anonymous_3)
FNDA:0,(anonymous_4)
FNDA:0,(anonymous_5)
FNDA:0,(anonymous_6)
FNDA:0,(anonymous_7)
FNDA:0,(anonymous_8)
FNDA:0,(anonymous_9)
FNDA:0,(anonymous_10)
DA:6,3
DA:7,3
DA:8,3
DA:9,3
DA:10,3
DA:11,3
DA:12,3
DA:13,3
DA:14,3
DA:15,3
DA:16,3
DA:17,3
DA:19,3
DA:22,3
DA:30,0
DA:31,0
DA:32,0
DA:33,0
DA:34,0
DA:35,0
DA:38,0
DA:39,0
DA:45,0
DA:46,0
DA:47,0
DA:48,0
DA:49,0
DA:50,0
DA:51,0
DA:52,0
DA:53,0
DA:55,0
DA:58,0
DA:59,0
DA:65,0
DA:69,0
DA:82,0
DA:83,0
DA:84,0
DA:85,0
DA:86,0
DA:87,0
DA:88,0
DA:89,0
DA:90,0
DA:91,0
DA:92,0
DA:93,0
LF:48
LH:14
BRDA:51,0,0,0
BRDA:51,0,1,0
BRF:2
BRH:0
end_of_record
TN:
SF:src\store\RegionalBlocks\index.tsx
FN:9,(anonymous_0)
FN:18,(anonymous_1)
FN:25,(anonymous_2)
FN:29,(anonymous_3)
FN:35,(anonymous_4)
FN:36,(anonymous_5)
FN:39,(anonymous_6)
FNF:7
FNH:1
FNDA:3,(anonymous_0)
FNDA:0,(anonymous_1)
FNDA:0,(anonymous_2)
FNDA:0,(anonymous_3)
FNDA:0,(anonymous_4)
FNDA:0,(anonymous_5)
FNDA:0,(anonymous_6)
DA:6,3
DA:7,3
DA:10,3
DA:19,0
DA:20,0
DA:21,0
DA:22,0
DA:23,0
DA:24,0
DA:25,0
DA:26,0
DA:29,0
DA:30,0
DA:36,0
DA:40,0
DA:41,0
DA:42,0
LF:17
LH:3
BRF:0
BRH:0
end_of_record
